<?xml version="1.0" encoding="UTF-8"?>
<!-- Generated by org.testng.reporters.JUnitXMLReporter -->
<testsuite ignored="0" hostname="VAMSHIs-MBP.lan" failures="1" tests="2" name="Command line test" time="6.788" errors="0" timestamp="2022-10-28T20:10:49 BST">
  <testcase classname="demo.ElementsTest" name="Test01" time="0.002">
    <failure type="java.lang.IllegalStateException" message="Specified proxy type (MANUAL) not compatible with current setting (AUTODETECT)">
      <![CDATA[java.lang.IllegalStateException: Specified proxy type (MANUAL) not compatible with current setting (AUTODETECT)
at org.openqa.selenium.Proxy.verifyProxyTypeCompatibility(Proxy.java:406)
at org.openqa.selenium.Proxy.setHttpProxy(Proxy.java:242)
at demo.ElementsTest.Test01(ElementsTest.java:35)
at java.base/java.util.ArrayList.forEach(ArrayList.java:1540)
... Removed 37 stack frames]]>
    </failure>
  </testcase> <!-- Test01 -->
  <testcase classname="demo.BrowserTest" name="getDriver" time="2.145"/>
</testsuite> <!-- Command line test -->
