<?xml version="1.0" encoding="UTF-8"?>
<testng-results ignored="0" total="2" passed="1" failed="1" skipped="0">
  <reporter-output>
  </reporter-output>
  <suite started-at="2022-10-28T20:10:43 BST" name="Command line suite" finished-at="2022-10-28T20:10:49 BST" duration-ms="6788">
    <groups>
    </groups>
    <test started-at="2022-10-28T20:10:43 BST" name="Command line test" finished-at="2022-10-28T20:10:49 BST" duration-ms="6788">
      <class name="demo.ElementsTest">
        <test-method signature="Test01()[pri:0, instance:demo.ElementsTest@5aebe890]" started-at="2022-10-28T20:10:47 BST" name="Test01" finished-at="2022-10-28T20:10:47 BST" duration-ms="2" status="FAIL">
          <exception class="java.lang.IllegalStateException">
            <message>
              <![CDATA[Specified proxy type (MANUAL) not compatible with current setting (AUTODETECT)]]>
            </message>
            <full-stacktrace>
              <![CDATA[java.lang.IllegalStateException: Specified proxy type (MANUAL) not compatible with current setting (AUTODETECT)
at org.openqa.selenium.Proxy.verifyProxyTypeCompatibility(Proxy.java:406)
at org.openqa.selenium.Proxy.setHttpProxy(Proxy.java:242)
at demo.ElementsTest.Test01(ElementsTest.java:35)
at java.base/jdk.internal.reflect.NativeMethodAccessorImpl.invoke0(Native Method)
at java.base/jdk.internal.reflect.NativeMethodAccessorImpl.invoke(NativeMethodAccessorImpl.java:62)
at java.base/jdk.internal.reflect.DelegatingMethodAccessorImpl.invoke(DelegatingMethodAccessorImpl.java:43)
at java.base/java.lang.reflect.Method.invoke(Method.java:566)
at org.testng.internal.invokers.MethodInvocationHelper.invokeMethod(MethodInvocationHelper.java:139)
at org.testng.internal.invokers.TestInvoker.invokeMethod(TestInvoker.java:677)
at org.testng.internal.invokers.TestInvoker.invokeTestMethod(TestInvoker.java:221)
at org.testng.internal.invokers.MethodRunner.runInSequence(MethodRunner.java:50)
at org.testng.internal.invokers.TestInvoker$MethodInvocationAgent.invoke(TestInvoker.java:962)
at org.testng.internal.invokers.TestInvoker.invokeTestMethods(TestInvoker.java:194)
at org.testng.internal.invokers.TestMethodWorker.invokeTestMethods(TestMethodWorker.java:148)
at org.testng.internal.invokers.TestMethodWorker.run(TestMethodWorker.java:128)
at java.base/java.util.ArrayList.forEach(ArrayList.java:1540)
at org.testng.TestRunner.privateRun(TestRunner.java:806)
at org.testng.TestRunner.run(TestRunner.java:601)
at org.testng.SuiteRunner.runTest(SuiteRunner.java:433)
at org.testng.SuiteRunner.runSequentially(SuiteRunner.java:427)
at org.testng.SuiteRunner.privateRun(SuiteRunner.java:387)
at org.testng.SuiteRunner.run(SuiteRunner.java:330)
at org.testng.SuiteRunnerWorker.runSuite(SuiteRunnerWorker.java:52)
at org.testng.SuiteRunnerWorker.run(SuiteRunnerWorker.java:95)
at org.testng.TestNG.runSuitesSequentially(TestNG.java:1256)
at org.testng.TestNG.runSuitesLocally(TestNG.java:1176)
at org.testng.TestNG.runSuites(TestNG.java:1099)
at org.testng.TestNG.run(TestNG.java:1067)
at org.apache.maven.surefire.testng.TestNGExecutor.run(TestNGExecutor.java:77)
at org.apache.maven.surefire.testng.TestNGDirectoryTestSuite.executeMulti(TestNGDirectoryTestSuite.java:159)
at org.apache.maven.surefire.testng.TestNGDirectoryTestSuite.execute(TestNGDirectoryTestSuite.java:99)
at org.apache.maven.surefire.testng.TestNGProvider.invoke(TestNGProvider.java:106)
at java.base/jdk.internal.reflect.NativeMethodAccessorImpl.invoke0(Native Method)
at java.base/jdk.internal.reflect.NativeMethodAccessorImpl.invoke(NativeMethodAccessorImpl.java:62)
at java.base/jdk.internal.reflect.DelegatingMethodAccessorImpl.invoke(DelegatingMethodAccessorImpl.java:43)
at java.base/java.lang.reflect.Method.invoke(Method.java:566)
at org.apache.maven.surefire.util.ReflectionUtils.invokeMethodWithArray(ReflectionUtils.java:189)
at org.apache.maven.surefire.booter.ProviderFactory$ProviderProxy.invoke(ProviderFactory.java:165)
at org.apache.maven.surefire.booter.ProviderFactory.invokeProvider(ProviderFactory.java:85)
at org.apache.maven.surefire.booter.ForkedBooter.runSuitesInProcess(ForkedBooter.java:115)
at org.apache.maven.surefire.booter.ForkedBooter.main(ForkedBooter.java:75)
]]>
            </full-stacktrace>
          </exception> <!-- java.lang.IllegalStateException -->
          <reporter-output>
          </reporter-output>
        </test-method> <!-- Test01 -->
      </class> <!-- demo.ElementsTest -->
      <class name="demo.BrowserTest">
        <test-method is-config="true" signature="setup()[pri:0, instance:demo.BrowserTest@ba54932]" started-at="2022-10-28T20:10:43 BST" name="setup" finished-at="2022-10-28T20:10:45 BST" duration-ms="2749" status="PASS">
          <reporter-output>
          </reporter-output>
        </test-method> <!-- setup -->
        <test-method signature="getDriver()[pri:0, instance:demo.BrowserTest@ba54932]" started-at="2022-10-28T20:10:47 BST" name="getDriver" finished-at="2022-10-28T20:10:49 BST" duration-ms="2145" status="PASS">
          <reporter-output>
          </reporter-output>
        </test-method> <!-- getDriver -->
        <test-method is-config="true" signature="teardown()[pri:0, instance:demo.BrowserTest@ba54932]" started-at="2022-10-28T20:10:49 BST" name="teardown" finished-at="2022-10-28T20:10:49 BST" duration-ms="135" status="PASS">
          <reporter-output>
          </reporter-output>
        </test-method> <!-- teardown -->
      </class> <!-- demo.BrowserTest -->
      <class name="demo.TestSetup">
        <test-method is-config="true" signature="test_setup()[pri:0, instance:demo.TestSetup@28975c28]" started-at="2022-10-28T20:10:45 BST" name="test_setup" finished-at="2022-10-28T20:10:47 BST" duration-ms="1529" status="PASS">
          <reporter-output>
          </reporter-output>
        </test-method> <!-- test_setup -->
        <test-method is-config="true" signature="tearDown()[pri:0, instance:demo.TestSetup@28975c28]" started-at="2022-10-28T20:10:49 BST" name="tearDown" finished-at="2022-10-28T20:10:49 BST" duration-ms="178" status="PASS">
          <reporter-output>
          </reporter-output>
        </test-method> <!-- tearDown -->
      </class> <!-- demo.TestSetup -->
    </test> <!-- Command line test -->
  </suite> <!-- Command line suite -->
</testng-results>
