<?xml version="1.0" encoding="UTF-8" ?>
<testsuite tests="2" failures="1" name="TestSuite" time="2.151" errors="0" skipped="0">
  <properties>
[...]
</properties>
  <testcase classname="demo.ElementsTest" name="Test01" time="0.012">
    <failure message="Specified proxy type (MANUAL) not compatible with current setting (AUTODETECT)" type="java.lang.IllegalStateException">java.lang.IllegalStateException: Specified proxy type (MANUAL) not compatible with current setting (AUTODETECT)
	at org.openqa.selenium.Proxy.verifyProxyTypeCompatibility(Proxy.java:406)
	at org.openqa.selenium.Proxy.setHttpProxy(Proxy.java:242)
	at demo.ElementsTest.Test01(ElementsTest.java:35)
</failure>
    <system-out>Configuring TestNG with: org.apache.maven.surefire.testng.conf.TestNG652Configurator@2641e737
</system-out>
    <system-err>SLF4J: Failed to load class &quot;org.slf4j.impl.StaticLoggerBinder&quot;.
SLF4J: Defaulting to no-operation (NOP) logger implementation
SLF4J: See http://www.slf4j.org/codes.html#StaticLoggerBinder for further details.
Starting ChromeDriver 106.0.5249.61 (511755355844955cd3e264779baf0dd38212a4d0-refs/branch-heads/5249@{#569}) on port 64319
Only local connections are allowed.
Please see https://chromedriver.chromium.org/security-considerations for suggestions on keeping ChromeDriver safe.
[1666984244.009][WARNING]: FromSockAddr failed on netmask
[1666984244.009][WARNING]: FromSockAddr failed on netmask
ChromeDriver was started successfully.
Oct 28, 2022 8:10:45 PM org.openqa.selenium.remote.ProtocolHandshake createSession
INFO: Detected upstream dialect: W3C
Oct 28, 2022 8:10:45 PM org.openqa.selenium.devtools.CdpVersionFinder findNearestMatch
INFO: Found exact CDP implementation for version 106
Starting ChromeDriver 106.0.5249.61 (511755355844955cd3e264779baf0dd38212a4d0-refs/branch-heads/5249@{#569}) on port 51333
Only local connections are allowed.
Please see https://chromedriver.chromium.org/security-considerations for suggestions on keeping ChromeDriver safe.
[1666984245.927][WARNING]: FromSockAddr failed on netmask
[1666984245.927][WARNING]: FromSockAddr faileChromeDriver wasd on netmask
 started successfully.
Oct 28, 2022 8:10:47 PM org.openqa.selenium.remote.ProtocolHandshake createSession
INFO: Detected upstream dialect: W3C
Oct 28, 2022 8:10:47 PM org.openqa.selenium.devtools.CdpVersionFinder findNearestMatch
INFO: Found exact CDP implementation for version 106
</system-err>
  </testcase>
  <testcase classname="demo.BrowserTest" name="getDriver" time="2.139"/>
</testsuite>