<?xml version="1.0" encoding="UTF-8"?>
<testng-results ignored="0" total="1" passed="1" failed="0" skipped="0">
  <reporter-output>
  </reporter-output>
  <suite started-at="2024-11-24T00:16:36 GMT" name="Default suite" finished-at="2024-11-24T00:17:37 GMT" duration-ms="61200">
    <groups>
    </groups>
    <test started-at="2024-11-24T00:16:36 GMT" name="Default test" finished-at="2024-11-24T00:17:37 GMT" duration-ms="61200">
      <class name="carTest.CarNumberPlateComparisonTest">
        <test-method is-config="true" signature="test_setup()[pri:0, instance:carTest.CarNumberPlateComparisonTest@1950e8a6]" started-at="2024-11-24T00:16:36 GMT" name="test_setup" finished-at="2024-11-24T00:16:45 GMT" duration-ms="8948" status="PASS">
          <reporter-output>
          </reporter-output>
        </test-method> <!-- test_setup -->
        <test-method signature="sort_test()[pri:0, instance:carTest.CarNumberPlateComparisonTest@1950e8a6]" started-at="2024-11-24T00:16:45 GMT" name="sort_test" finished-at="2024-11-24T00:17:36 GMT" duration-ms="51532" status="PASS">
          <reporter-output>
          </reporter-output>
        </test-method> <!-- sort_test -->
        <test-method is-config="true" signature="tearDown()[pri:0, instance:carTest.CarNumberPlateComparisonTest@1950e8a6]" started-at="2024-11-24T00:17:36 GMT" name="tearDown" finished-at="2024-11-24T00:17:37 GMT" duration-ms="660" status="PASS">
          <reporter-output>
          </reporter-output>
        </test-method> <!-- tearDown -->
      </class> <!-- carTest.CarNumberPlateComparisonTest -->
    </test> <!-- Default test -->
  </suite> <!-- Default suite -->
</testng-results>
